TN:
SF:src/entities/Task.ts
FN:44,(anonymous_2)
FN:60,(anonymous_3)
FN:65,(anonymous_4)
FN:69,(anonymous_5)
FN:84,(anonymous_6)
FN:92,(anonymous_7)
FN:97,(anonymous_8)
FN:102,(anonymous_9)
FN:107,(anonymous_10)
FNF:9
FNH:4
FNDA:9,(anonymous_2)
FNDA:3,(anonymous_3)
FNDA:3,(anonymous_4)
FNDA:1,(anonymous_5)
FNDA:0,(anonymous_6)
FNDA:0,(anonymous_7)
FNDA:0,(anonymous_8)
FNDA:0,(anonymous_9)
FNDA:0,(anonymous_10)
DA:1,1
DA:7,1
DA:8,1
DA:11,1
DA:14,1
DA:17,1
DA:24,1
DA:31,1
DA:34,1
DA:37,1
DA:40,1
DA:45,9
DA:46,9
DA:49,9
DA:50,2
DA:53,7
DA:54,0
DA:61,3
DA:62,3
DA:66,3
DA:70,1
DA:85,0
DA:86,0
DA:88,0
DA:89,0
DA:93,0
DA:94,0
DA:98,0
DA:99,0
DA:103,0
DA:104,0
DA:108,0
DA:109,0
LF:33
LH:20
BRDA:45,0,0,9
BRDA:49,1,0,2
BRDA:49,2,0,9
BRDA:49,2,1,7
BRDA:53,3,0,0
BRDA:61,4,0,0
BRDA:62,5,0,3
BRDA:62,5,1,1
BRDA:85,6,0,0
BRDA:85,7,0,0
BRDA:85,7,1,0
BRF:11
BRH:6
end_of_record
TN:
SF:src/services/TaskService.ts
FN:27,(anonymous_7)
FN:29,(anonymous_8)
FN:50,(anonymous_10)
FN:72,(anonymous_12)
FN:88,(anonymous_14)
FN:130,(anonymous_16)
FN:146,(anonymous_18)
FN:157,(anonymous_20)
FN:158,(anonymous_21)
FN:159,(anonymous_22)
FN:160,(anonymous_23)
FNF:11
FNH:10
FNDA:16,(anonymous_7)
FNDA:4,(anonymous_8)
FNDA:5,(anonymous_10)
FNDA:0,(anonymous_12)
FNDA:4,(anonymous_14)
FNDA:3,(anonymous_16)
FNDA:1,(anonymous_18)
FNDA:4,(anonymous_20)
FNDA:4,(anonymous_21)
FNDA:4,(anonymous_22)
FNDA:4,(anonymous_23)
DA:26,1
DA:27,16
DA:30,4
DA:31,1
DA:34,3
DA:35,1
DA:38,2
DA:47,2
DA:51,5
DA:56,5
DA:57,1
DA:60,5
DA:61,1
DA:64,5
DA:65,1
DA:66,1
DA:69,5
DA:73,0
DA:77,0
DA:78,0
DA:81,0
DA:82,0
DA:85,0
DA:89,4
DA:93,4
DA:94,1
DA:97,3
DA:98,1
DA:102,2
DA:103,2
DA:104,1
DA:106,1
DA:109,1
DA:110,0
DA:113,1
DA:114,1
DA:117,1
DA:118,0
DA:121,1
DA:122,0
DA:125,1
DA:127,1
DA:131,3
DA:135,3
DA:136,1
DA:139,2
DA:140,1
DA:143,1
DA:153,1
DA:155,1
DA:157,4
DA:158,4
DA:159,4
DA:160,4
DA:163,1
LF:55
LH:46
BRDA:30,0,0,1
BRDA:30,1,0,4
BRDA:30,1,1,3
BRDA:34,2,0,1
BRDA:41,3,0,2
BRDA:41,3,1,1
BRDA:56,4,0,1
BRDA:56,5,0,2
BRDA:56,5,1,3
BRDA:56,6,0,5
BRDA:56,6,1,5
BRDA:60,7,0,1
BRDA:60,8,0,2
BRDA:60,8,1,3
BRDA:60,9,0,5
BRDA:60,9,1,5
BRDA:64,10,0,1
BRDA:64,11,0,2
BRDA:64,11,1,3
BRDA:64,12,0,5
BRDA:64,12,1,5
BRDA:77,13,0,0
BRDA:81,14,0,0
BRDA:93,15,0,1
BRDA:97,16,0,1
BRDA:102,17,0,2
BRDA:103,18,0,1
BRDA:103,19,0,2
BRDA:103,19,1,1
BRDA:109,20,0,0
BRDA:113,21,0,1
BRDA:117,22,0,0
BRDA:121,23,0,0
BRDA:135,24,0,1
BRDA:139,25,0,1
BRF:35
BRH:30
end_of_record
